<?xml version="1.0" encoding="UTF-8"?>
<!-- Generated by org.testng.reporters.JUnitXMLReporter -->
<testsuite hostname="DESKTOP-V4AD8SD" ignored="0" name="Surefire test" tests="35" failures="0" timestamp="21 jun 2017 19:51:10 GMT" time="9.189" errors="0">
  <testcase name="testApp on testApp(Parcial2.AppTest)" time="0.016" classname="Parcial2.AppTest"/>
  <testcase name="testLogoutOk on testLogoutOk(Parcial2.Controllers.LoginControllerTest)" time="7.641" classname="Parcial2.Controllers.LoginControllerTest"/>
  <testcase name="testLoginOk on testLoginOk(Parcial2.Controllers.LoginControllerTest)" time="7.72" classname="Parcial2.Controllers.LoginControllerTest"/>
  <testcase name="testLoginForbbiden on testLoginForbbiden(Parcial2.Controllers.LoginControllerTest)" time="7.735" classname="Parcial2.Controllers.LoginControllerTest"/>
  <testcase name="testGetAllDeletedOk on testGetAllDeletedOk(Parcial2.Controllers.MensajesControllerTest)" time="0.125" classname="Parcial2.Controllers.MensajesControllerTest"/>
  <testcase name="testGetAllOk on testGetAllOk(Parcial2.Controllers.MensajesControllerTest)" time="0.157" classname="Parcial2.Controllers.MensajesControllerTest"/>
  <testcase name="testGetAllSendedOk on testGetAllSendedOk(Parcial2.Controllers.MensajesControllerTest)" time="0.188" classname="Parcial2.Controllers.MensajesControllerTest"/>
  <testcase name="testSaveCreated on testSaveCreated(Parcial2.Controllers.MensajesControllerTest)" time="0.313" classname="Parcial2.Controllers.MensajesControllerTest"/>
  <testcase name="testDeleteBadRequest on testDeleteBadRequest(Parcial2.Controllers.MensajesControllerTest)" time="0.329" classname="Parcial2.Controllers.MensajesControllerTest"/>
  <testcase name="testDeleteOk on testDeleteOk(Parcial2.Controllers.MensajesControllerTest)" time="0.344" classname="Parcial2.Controllers.MensajesControllerTest"/>
  <testcase name="testGetAllOk on testGetAllOk(Parcial2.Controllers.UsuarioControllerTest)" time="0.031" classname="Parcial2.Controllers.UsuarioControllerTest"/>
  <testcase name="testGetByNombreNotFound on testGetByNombreNotFound(Parcial2.Controllers.UsuarioControllerTest)" time="0.047" classname="Parcial2.Controllers.UsuarioControllerTest"/>
  <testcase name="testSaveCreated on testSaveCreated(Parcial2.Controllers.UsuarioControllerTest)" time="0.078" classname="Parcial2.Controllers.UsuarioControllerTest"/>
  <testcase name="testGetByNombreOk on testGetByNombreOk(Parcial2.Controllers.UsuarioControllerTest)" time="0.094" classname="Parcial2.Controllers.UsuarioControllerTest"/>
  <testcase name="testDeleteBadRequest on testDeleteBadRequest(Parcial2.Controllers.UsuarioControllerTest)" time="0.109" classname="Parcial2.Controllers.UsuarioControllerTest"/>
  <testcase name="testDeleteOk on testDeleteOk(Parcial2.Controllers.UsuarioControllerTest)" time="0.125" classname="Parcial2.Controllers.UsuarioControllerTest"/>
  <testcase name="testFecha on testFecha(Parcial2.Entities.MensajeTest)" time="0.0" classname="Parcial2.Entities.MensajeTest"/>
  <testcase name="testRecipiente on testRecipiente(Parcial2.Entities.MensajeTest)" time="0.0" classname="Parcial2.Entities.MensajeTest"/>
  <testcase name="testId on testId(Parcial2.Entities.MensajeTest)" time="0.0" classname="Parcial2.Entities.MensajeTest"/>
  <testcase name="testMensaje on testMensaje(Parcial2.Entities.MensajeTest)" time="0.0" classname="Parcial2.Entities.MensajeTest"/>
  <testcase name="testAsunto on testAsunto(Parcial2.Entities.MensajeTest)" time="0.0" classname="Parcial2.Entities.MensajeTest"/>
  <testcase name="testRemitente on testRemitente(Parcial2.Entities.MensajeTest)" time="0.0" classname="Parcial2.Entities.MensajeTest"/>
  <testcase name="testNombreUsuario on testNombreUsuario(Parcial2.Entities.UsuarioTest)" time="0.015" classname="Parcial2.Entities.UsuarioTest"/>
  <testcase name="testEmail on testEmail(Parcial2.Entities.UsuarioTest)" time="0.015" classname="Parcial2.Entities.UsuarioTest"/>
  <testcase name="testPais on testPais(Parcial2.Entities.UsuarioTest)" time="0.015" classname="Parcial2.Entities.UsuarioTest"/>
  <testcase name="testId on testId(Parcial2.Entities.UsuarioTest)" time="0.015" classname="Parcial2.Entities.UsuarioTest"/>
  <testcase name="testTelefono on testTelefono(Parcial2.Entities.UsuarioTest)" time="0.015" classname="Parcial2.Entities.UsuarioTest"/>
  <testcase name="testDireccion on testDireccion(Parcial2.Entities.UsuarioTest)" time="0.015" classname="Parcial2.Entities.UsuarioTest"/>
  <testcase name="testContraseña on testContraseña(Parcial2.Entities.UsuarioTest)" time="0.031" classname="Parcial2.Entities.UsuarioTest"/>
  <testcase name="testMensajes on testMensajes(Parcial2.Entities.UsuarioTest)" time="0.016" classname="Parcial2.Entities.UsuarioTest"/>
  <testcase name="testProvincia on testProvincia(Parcial2.Entities.UsuarioTest)" time="0.016" classname="Parcial2.Entities.UsuarioTest"/>
  <testcase name="testCiudad on testCiudad(Parcial2.Entities.UsuarioTest)" time="0.016" classname="Parcial2.Entities.UsuarioTest"/>
  <testcase name="testApellido on testApellido(Parcial2.Entities.UsuarioTest)" time="0.016" classname="Parcial2.Entities.UsuarioTest"/>
  <testcase name="testNombre on testNombre(Parcial2.Entities.UsuarioTest)" time="0.016" classname="Parcial2.Entities.UsuarioTest"/>
  <testcase name="testDoFilterInternalOk on testDoFilterInternalOk(Parcial2.FilterTest)" time="0.25" classname="Parcial2.FilterTest"/>
</testsuite> <!-- Surefire test -->
