<?xml version="1.0" encoding="UTF-8"?>
<testng-results skipped="0" failed="0" ignored="0" total="35" passed="35">
  <reporter-output>
  </reporter-output>
  <suite name="Surefire suite" duration-ms="9189" started-at="2017-06-21T19:51:01Z" finished-at="2017-06-21T19:51:10Z">
    <groups>
    </groups>
    <test name="Surefire test" duration-ms="9189" started-at="2017-06-21T19:51:01Z" finished-at="2017-06-21T19:51:10Z">
      <class name="Parcial2.FilterTest">
        <test-method status="PASS" signature="testDoFilterInternalOk() throws java.lang.Exception" name="testDoFilterInternalOk" duration-ms="250" started-at="2017-06-21T16:51:10Z" finished-at="2017-06-21T16:51:10Z">
          <reporter-output>
          </reporter-output>
        </test-method> <!-- testDoFilterInternalOk -->
      </class> <!-- Parcial2.FilterTest -->
      <class name="Parcial2.Entities.UsuarioTest">
        <test-method status="PASS" signature="testEmail()" name="testEmail" duration-ms="15" started-at="2017-06-21T16:51:10Z" finished-at="2017-06-21T16:51:10Z">
          <reporter-output>
          </reporter-output>
        </test-method> <!-- testEmail -->
        <test-method status="PASS" signature="testTelefono()" name="testTelefono" duration-ms="15" started-at="2017-06-21T16:51:10Z" finished-at="2017-06-21T16:51:10Z">
          <reporter-output>
          </reporter-output>
        </test-method> <!-- testTelefono -->
        <test-method status="PASS" signature="testContraseña()" name="testContraseña" duration-ms="31" started-at="2017-06-21T16:51:10Z" finished-at="2017-06-21T16:51:10Z">
          <reporter-output>
          </reporter-output>
        </test-method> <!-- testContraseña -->
        <test-method status="PASS" signature="testPais()" name="testPais" duration-ms="15" started-at="2017-06-21T16:51:10Z" finished-at="2017-06-21T16:51:10Z">
          <reporter-output>
          </reporter-output>
        </test-method> <!-- testPais -->
        <test-method status="PASS" signature="testDireccion()" name="testDireccion" duration-ms="15" started-at="2017-06-21T16:51:10Z" finished-at="2017-06-21T16:51:10Z">
          <reporter-output>
          </reporter-output>
        </test-method> <!-- testDireccion -->
        <test-method status="PASS" signature="testNombreUsuario()" name="testNombreUsuario" duration-ms="15" started-at="2017-06-21T16:51:10Z" finished-at="2017-06-21T16:51:10Z">
          <reporter-output>
          </reporter-output>
        </test-method> <!-- testNombreUsuario -->
        <test-method status="PASS" signature="testId()" name="testId" duration-ms="15" started-at="2017-06-21T16:51:10Z" finished-at="2017-06-21T16:51:10Z">
          <reporter-output>
          </reporter-output>
        </test-method> <!-- testId -->
        <test-method status="PASS" signature="testMensajes()" name="testMensajes" duration-ms="16" started-at="2017-06-21T16:51:10Z" finished-at="2017-06-21T16:51:10Z">
          <reporter-output>
          </reporter-output>
        </test-method> <!-- testMensajes -->
        <test-method status="PASS" signature="testNombre()" name="testNombre" duration-ms="16" started-at="2017-06-21T16:51:10Z" finished-at="2017-06-21T16:51:10Z">
          <reporter-output>
          </reporter-output>
        </test-method> <!-- testNombre -->
        <test-method status="PASS" signature="testApellido()" name="testApellido" duration-ms="16" started-at="2017-06-21T16:51:10Z" finished-at="2017-06-21T16:51:10Z">
          <reporter-output>
          </reporter-output>
        </test-method> <!-- testApellido -->
        <test-method status="PASS" signature="testCiudad()" name="testCiudad" duration-ms="16" started-at="2017-06-21T16:51:10Z" finished-at="2017-06-21T16:51:10Z">
          <reporter-output>
          </reporter-output>
        </test-method> <!-- testCiudad -->
        <test-method status="PASS" signature="testProvincia()" name="testProvincia" duration-ms="16" started-at="2017-06-21T16:51:10Z" finished-at="2017-06-21T16:51:10Z">
          <reporter-output>
          </reporter-output>
        </test-method> <!-- testProvincia -->
      </class> <!-- Parcial2.Entities.UsuarioTest -->
      <class name="Parcial2.AppTest">
        <test-method status="PASS" signature="testApp()" name="testApp" duration-ms="16" started-at="2017-06-21T16:51:01Z" finished-at="2017-06-21T16:51:01Z">
          <reporter-output>
          </reporter-output>
        </test-method> <!-- testApp -->
      </class> <!-- Parcial2.AppTest -->
      <class name="Parcial2.Controllers.MensajesControllerTest">
        <test-method status="PASS" signature="testDeleteBadRequest() throws java.lang.Exception" name="testDeleteBadRequest" duration-ms="329" started-at="2017-06-21T16:51:09Z" finished-at="2017-06-21T16:51:10Z">
          <reporter-output>
          </reporter-output>
        </test-method> <!-- testDeleteBadRequest -->
        <test-method status="PASS" signature="testSaveCreated() throws java.lang.Exception" name="testSaveCreated" duration-ms="313" started-at="2017-06-21T16:51:09Z" finished-at="2017-06-21T16:51:10Z">
          <reporter-output>
          </reporter-output>
        </test-method> <!-- testSaveCreated -->
        <test-method status="PASS" signature="testGetAllOk() throws java.lang.Exception" name="testGetAllOk" duration-ms="157" started-at="2017-06-21T16:51:09Z" finished-at="2017-06-21T16:51:09Z">
          <reporter-output>
          </reporter-output>
        </test-method> <!-- testGetAllOk -->
        <test-method status="PASS" signature="testGetAllDeletedOk() throws java.lang.Exception" name="testGetAllDeletedOk" duration-ms="125" started-at="2017-06-21T16:51:09Z" finished-at="2017-06-21T16:51:09Z">
          <reporter-output>
          </reporter-output>
        </test-method> <!-- testGetAllDeletedOk -->
        <test-method status="PASS" signature="testGetAllSendedOk() throws java.lang.Exception" name="testGetAllSendedOk" duration-ms="188" started-at="2017-06-21T16:51:09Z" finished-at="2017-06-21T16:51:09Z">
          <reporter-output>
          </reporter-output>
        </test-method> <!-- testGetAllSendedOk -->
        <test-method status="PASS" signature="testDeleteOk() throws java.lang.Exception" name="testDeleteOk" duration-ms="344" started-at="2017-06-21T16:51:09Z" finished-at="2017-06-21T16:51:10Z">
          <reporter-output>
          </reporter-output>
        </test-method> <!-- testDeleteOk -->
      </class> <!-- Parcial2.Controllers.MensajesControllerTest -->
      <class name="Parcial2.Entities.MensajeTest">
        <test-method status="PASS" signature="testId()" name="testId" duration-ms="0" started-at="2017-06-21T16:51:10Z" finished-at="2017-06-21T16:51:10Z">
          <reporter-output>
          </reporter-output>
        </test-method> <!-- testId -->
        <test-method status="PASS" signature="testMensaje()" name="testMensaje" duration-ms="0" started-at="2017-06-21T16:51:10Z" finished-at="2017-06-21T16:51:10Z">
          <reporter-output>
          </reporter-output>
        </test-method> <!-- testMensaje -->
        <test-method status="PASS" signature="testFecha()" name="testFecha" duration-ms="0" started-at="2017-06-21T16:51:10Z" finished-at="2017-06-21T16:51:10Z">
          <reporter-output>
          </reporter-output>
        </test-method> <!-- testFecha -->
        <test-method status="PASS" signature="testRecipiente()" name="testRecipiente" duration-ms="0" started-at="2017-06-21T16:51:10Z" finished-at="2017-06-21T16:51:10Z">
          <reporter-output>
          </reporter-output>
        </test-method> <!-- testRecipiente -->
        <test-method status="PASS" signature="testRemitente()" name="testRemitente" duration-ms="0" started-at="2017-06-21T16:51:10Z" finished-at="2017-06-21T16:51:10Z">
          <reporter-output>
          </reporter-output>
        </test-method> <!-- testRemitente -->
        <test-method status="PASS" signature="testAsunto()" name="testAsunto" duration-ms="0" started-at="2017-06-21T16:51:10Z" finished-at="2017-06-21T16:51:10Z">
          <reporter-output>
          </reporter-output>
        </test-method> <!-- testAsunto -->
      </class> <!-- Parcial2.Entities.MensajeTest -->
      <class name="Parcial2.Controllers.UsuarioControllerTest">
        <test-method status="PASS" signature="testGetAllOk() throws java.lang.Exception" name="testGetAllOk" duration-ms="31" started-at="2017-06-21T16:51:10Z" finished-at="2017-06-21T16:51:10Z">
          <reporter-output>
          </reporter-output>
        </test-method> <!-- testGetAllOk -->
        <test-method status="PASS" signature="testSaveCreated() throws java.lang.Exception" name="testSaveCreated" duration-ms="78" started-at="2017-06-21T16:51:10Z" finished-at="2017-06-21T16:51:10Z">
          <reporter-output>
          </reporter-output>
        </test-method> <!-- testSaveCreated -->
        <test-method status="PASS" signature="testDeleteBadRequest() throws java.lang.Exception" name="testDeleteBadRequest" duration-ms="109" started-at="2017-06-21T16:51:10Z" finished-at="2017-06-21T16:51:10Z">
          <reporter-output>
          </reporter-output>
        </test-method> <!-- testDeleteBadRequest -->
        <test-method status="PASS" signature="testGetByNombreNotFound() throws java.lang.Exception" name="testGetByNombreNotFound" duration-ms="47" started-at="2017-06-21T16:51:10Z" finished-at="2017-06-21T16:51:10Z">
          <reporter-output>
          </reporter-output>
        </test-method> <!-- testGetByNombreNotFound -->
        <test-method status="PASS" signature="testDeleteOk() throws java.lang.Exception" name="testDeleteOk" duration-ms="125" started-at="2017-06-21T16:51:10Z" finished-at="2017-06-21T16:51:10Z">
          <reporter-output>
          </reporter-output>
        </test-method> <!-- testDeleteOk -->
        <test-method status="PASS" signature="testGetByNombreOk() throws java.lang.Exception" name="testGetByNombreOk" duration-ms="94" started-at="2017-06-21T16:51:10Z" finished-at="2017-06-21T16:51:10Z">
          <reporter-output>
          </reporter-output>
        </test-method> <!-- testGetByNombreOk -->
      </class> <!-- Parcial2.Controllers.UsuarioControllerTest -->
      <class name="Parcial2.Controllers.LoginControllerTest">
        <test-method status="PASS" signature="testLoginForbbiden() throws java.lang.Exception" name="testLoginForbbiden" duration-ms="7735" started-at="2017-06-21T16:51:01Z" finished-at="2017-06-21T16:51:09Z">
          <reporter-output>
          </reporter-output>
        </test-method> <!-- testLoginForbbiden -->
        <test-method status="PASS" signature="testLoginOk() throws java.lang.Exception" name="testLoginOk" duration-ms="7720" started-at="2017-06-21T16:51:01Z" finished-at="2017-06-21T16:51:09Z">
          <reporter-output>
          </reporter-output>
        </test-method> <!-- testLoginOk -->
        <test-method status="PASS" signature="testLogoutOk() throws java.lang.Exception" name="testLogoutOk" duration-ms="7641" started-at="2017-06-21T16:51:01Z" finished-at="2017-06-21T16:51:09Z">
          <reporter-output>
          </reporter-output>
        </test-method> <!-- testLogoutOk -->
      </class> <!-- Parcial2.Controllers.LoginControllerTest -->
    </test> <!-- Surefire test -->
  </suite> <!-- Surefire suite -->
</testng-results>
