<?xml version="1.0" encoding="UTF-8"?>
<!-- Generated by org.testng.reporters.JUnitReportReporter -->
<testsuite skipped="0" hostname="DESKTOP-V4AD8SD" name="Parcial2.Entities.UsuarioTest" tests="12" failures="0" timestamp="21 jun 2017 19:51:10 GMT" time="0.201" errors="0">
  <testcase name="testPais" time="0.015" classname="Parcial2.Entities.UsuarioTest"/>
  <testcase name="testMensajes" time="0.016" classname="Parcial2.Entities.UsuarioTest"/>
  <testcase name="testNombreUsuario" time="0.015" classname="Parcial2.Entities.UsuarioTest"/>
  <testcase name="testId" time="0.015" classname="Parcial2.Entities.UsuarioTest"/>
  <testcase name="testApellido" time="0.016" classname="Parcial2.Entities.UsuarioTest"/>
  <testcase name="testEmail" time="0.015" classname="Parcial2.Entities.UsuarioTest"/>
  <testcase name="testCiudad" time="0.016" classname="Parcial2.Entities.UsuarioTest"/>
  <testcase name="testDireccion" time="0.015" classname="Parcial2.Entities.UsuarioTest"/>
  <testcase name="testProvincia" time="0.016" classname="Parcial2.Entities.UsuarioTest"/>
  <testcase name="testTelefono" time="0.015" classname="Parcial2.Entities.UsuarioTest"/>
  <testcase name="testNombre" time="0.016" classname="Parcial2.Entities.UsuarioTest"/>
  <testcase name="testContraseña" time="0.031" classname="Parcial2.Entities.UsuarioTest"/>
</testsuite> <!-- Parcial2.Entities.UsuarioTest -->
