<?xml version="1.0" encoding="UTF-8"?>
<!-- Generated by org.testng.reporters.JUnitReportReporter -->
<testsuite skipped="0" hostname="DESKTOP-V4AD8SD" name="Parcial2.Entities.UsuarioTest" tests="12" failures="0" timestamp="20 jun 2017 18:16:46 GMT" time="0.069" errors="0">
  <testcase name="testNombre" time="0.007" classname="Parcial2.Entities.UsuarioTest"/>
  <testcase name="testId" time="0.005" classname="Parcial2.Entities.UsuarioTest"/>
  <testcase name="testContraseña" time="0.006" classname="Parcial2.Entities.UsuarioTest"/>
  <testcase name="testCiudad" time="0.006" classname="Parcial2.Entities.UsuarioTest"/>
  <testcase name="testProvincia" time="0.006" classname="Parcial2.Entities.UsuarioTest"/>
  <testcase name="testDireccion" time="0.005" classname="Parcial2.Entities.UsuarioTest"/>
  <testcase name="testTelefono" time="0.005" classname="Parcial2.Entities.UsuarioTest"/>
  <testcase name="testApellido" time="0.007" classname="Parcial2.Entities.UsuarioTest"/>
  <testcase name="testEmail" time="0.006" classname="Parcial2.Entities.UsuarioTest"/>
  <testcase name="testNombreUsuario" time="0.005" classname="Parcial2.Entities.UsuarioTest"/>
  <testcase name="testMensajes" time="0.006" classname="Parcial2.Entities.UsuarioTest"/>
  <testcase name="testPais" time="0.005" classname="Parcial2.Entities.UsuarioTest"/>
</testsuite> <!-- Parcial2.Entities.UsuarioTest -->
